2024-09-26 22:16:02,221 - 20856 - root - INFO - Game started...
2024-09-26 22:16:02,222 - 20856 - root - INFO - Starting round 1
2024-09-26 22:16:04,708 - 20856 - root - INFO - Computer chose: scissors
2024-09-26 22:16:04,708 - 20856 - root - INFO - User choice: paper, Computer choice: scissors
2024-09-26 22:16:04,708 - 20856 - root - INFO - Computer wins this round
2024-09-26 22:16:04,708 - 20856 - root - INFO - Starting round 2
2024-09-26 22:20:26,679 - 23271 - root - INFO - Game started...
2024-09-26 22:20:26,679 - 23271 - root - INFO - Starting round 1
2024-09-26 22:20:30,110 - 23271 - game.app.game_app - INFO - Score statistics: Score - User: 0, Computer: 0, last round: 1
2024-09-26 22:20:30,110 - 23271 - game.app.game_app - INFO - Game interrupted. Exiting...
2024-09-26 22:21:09,356 - 23662 - root - INFO - Game started...
2024-09-26 22:21:09,357 - 23662 - root - INFO - Starting round 1
2024-09-26 22:21:10,742 - 23662 - game.app.game_app - INFO - Score statistics: Score - User: 0, Computer: 0, Round id: 1
2024-09-26 22:21:10,742 - 23662 - game.app.game_app - WARNING - Game interrupted. Exiting...
2024-09-26 22:45:40,762 - 37521 - root - INFO - Game started...
2024-09-26 22:45:40,763 - 37521 - root - INFO - Starting round 1
2024-09-26 22:45:42,830 - 37521 - root - INFO - Computer chose: paper
2024-09-26 22:45:42,830 - 37521 - root - INFO - User choice: rock, Computer choice: paper
2024-09-26 22:45:42,831 - 37521 - root - INFO - Computer wins this round
2024-09-26 22:45:42,831 - 37521 - root - INFO - Starting round 2
2024-09-26 22:45:51,774 - 37521 - game.app.game_app - INFO - Invalid choice , please try again
2024-09-26 22:46:01,573 - 37521 - game.app.game_app - INFO - Score statistics: Score - User: 0, Computer: 1, Round id: 2
2024-09-26 22:46:01,574 - 37521 - game.app.game_app - WARNING - Game interrupted. Exiting...
2024-09-26 22:46:03,032 - 37725 - root - INFO - Game started...
2024-09-26 22:46:03,032 - 37725 - root - INFO - Starting round 1
2024-09-26 22:46:04,622 - 37725 - root - INFO - Computer chose: paper
2024-09-26 22:46:04,623 - 37725 - root - INFO - User choice: rock, Computer choice: paper
2024-09-26 22:46:04,623 - 37725 - root - INFO - Computer wins this round
2024-09-26 22:46:04,623 - 37725 - root - INFO - Starting round 2
2024-09-26 22:46:12,985 - 37725 - game.app.game_app - INFO - Score statistics: Score - User: 0, Computer: 1, Round id: 2
2024-09-26 22:46:12,985 - 37725 - game.app.game_app - WARNING - Game interrupted. Exiting...
2024-09-26 22:46:28,054 - 37971 - root - INFO - Game started...
2024-09-26 22:46:28,056 - 37971 - root - INFO - Starting round 1
2024-09-26 22:46:30,366 - 37971 - root - INFO - Computer chose: paper
2024-09-26 22:46:30,367 - 37971 - root - INFO - User choice: rock, Computer choice: paper
2024-09-26 22:46:30,367 - 37971 - root - INFO - Computer wins this round
2024-09-26 22:46:30,367 - 37971 - root - INFO - Starting round 2
2024-09-26 22:46:39,761 - 37971 - root - INFO - Computer chose: rock
2024-09-26 22:46:39,761 - 37971 - root - INFO - User choice: rock, Computer choice: rock
2024-09-26 22:46:39,761 - 37971 - root - INFO - The game is a tie
2024-09-26 22:47:27,643 - 38537 - root - INFO - Game started...
2024-09-26 22:47:27,645 - 38537 - root - INFO - Starting round 1
2024-09-26 22:47:29,242 - 38537 - root - INFO - Computer chose: paper
2024-09-26 22:47:29,242 - 38537 - root - INFO - User choice: rock, Computer choice: paper
2024-09-26 22:47:29,242 - 38537 - root - INFO - Computer wins this round
2024-09-26 22:47:29,242 - 38537 - root - INFO - Starting round 2
2024-09-26 22:47:30,739 - 38537 - root - INFO - Computer chose: paper
2024-09-26 22:47:30,739 - 38537 - root - INFO - User choice: rock, Computer choice: paper
2024-09-26 22:47:30,740 - 38537 - root - INFO - Computer wins this round
2024-09-26 22:51:16,489 - 41013 - root - INFO - Game started...
2024-09-26 22:51:16,490 - 41013 - root - INFO - Starting round 1
2024-09-26 22:51:21,755 - 41013 - game.app.game_app - INFO - Score statistics: Score - User: 0, Computer: 0, Round id: 1
2024-09-26 22:51:21,755 - 41013 - game.app.game_app - WARNING - Game interrupted. Exiting...
2024-09-26 22:51:31,546 - 41176 - root - INFO - Game started...
2024-09-26 22:51:31,546 - 41176 - root - INFO - Starting round 1
2024-09-26 22:51:33,737 - 41176 - root - INFO - Computer chose: scissors
2024-09-26 22:51:33,737 - 41176 - root - INFO - User choice: rock, Computer choice: scissors
2024-09-26 22:51:33,737 - 41176 - root - INFO - User wins this round
2024-09-26 22:51:33,737 - 41176 - root - INFO - Starting round 2
2024-09-26 22:51:36,160 - 41176 - root - INFO - Computer chose: scissors
2024-09-26 22:51:36,161 - 41176 - root - INFO - User choice: rock, Computer choice: scissors
2024-09-26 22:51:36,161 - 41176 - root - INFO - User wins this round
2024-09-26 22:51:36,161 - 41176 - root - INFO - Starting round 3
2024-09-26 22:51:37,592 - 41176 - root - INFO - Computer chose: scissors
2024-09-26 22:51:37,593 - 41176 - root - INFO - User choice: rock, Computer choice: scissors
2024-09-26 22:51:37,593 - 41176 - root - INFO - User wins this round
2024-09-26 22:51:37,593 - 41176 - root - INFO - Starting round 4
2024-09-26 22:51:39,232 - 41176 - game.app.game_app - INFO - Score statistics: Score - User: 3, Computer: 0, Round id: 4
2024-09-26 22:51:39,232 - 41176 - game.app.game_app - WARNING - Game interrupted. Exiting...
